<?xml version="1.0" encoding="UTF-8"?>
<!-- Generated by org.testng.reporters.JUnitXMLReporter -->
<testsuite hostname="LAPTOP-VKP1LGUE" ignored="0" name="Surefire test" tests="17" failures="3" timestamp="2021-07-25T14:26:52 IST" time="34.868" errors="0">
  <testcase name="authToken" time="6.817" classname="com.rest.tests.AutomateBookingAPITest"/>
  <testcase name="createBooking" time="2.001" classname="com.rest.tests.AutomateBookingAPITest"/>
  <testcase name="deleteBooking" time="1.788" classname="com.rest.tests.AutomateBookingAPITest"/>
  <testcase name="getBookingIds" time="1.729" classname="com.rest.tests.AutomateBookingAPITest">
    <failure type="java.lang.AssertionError" message="
Expected: &amp;lt;14&amp;gt;
     but: was &amp;lt;8&amp;gt;">
      <![CDATA[java.lang.AssertionError: 
Expected: <14>
     but: was <8>
at org.hamcrest.MatcherAssert.assertThat(MatcherAssert.java:18)
at org.hamcrest.MatcherAssert.assertThat(MatcherAssert.java:6)
at com.rest.tests.AutomateBookingAPITest.getBookingIds(AutomateBookingAPITest.java:48)
at java.util.ArrayList.forEach(ArrayList.java:1259)
... Removed 32 stack frames]]>
    </failure>
  </testcase> <!-- getBookingIds -->
  <testcase name="partialUpdateBooking" time="1.612" classname="com.rest.tests.AutomateBookingAPITest"/>
  <testcase name="updateBooking" time="1.585" classname="com.rest.tests.AutomateBookingAPITest"/>
  <testcase name="validateStatusCode" time="1.587" classname="com.rest.tests.AutomateBookingAPITest"/>
  <testcase name="authToken" time="1.67" classname="com.rest.tests.RequestResponseBuilderTest"/>
  <testcase name="getBookingIds" time="1.595" classname="com.rest.tests.RequestResponseBuilderTest"/>
  <testcase name="sendJSONObjectAsMap" time="1.913" classname="com.rest.tests.RequestResponseBuilderTest"/>
  <testcase name="sendPayloadAsFile" time="1.628" classname="com.rest.tests.RequestResponseBuilderTest"/>
  <testcase name="validateJsonSchema" time="2.55" classname="com.rest.tests.RequestResponseBuilderTest"/>
  <testcase name="authToken" time="1.621" classname="com.rest.tests.RequestResponseSpecificationTest"/>
  <testcase name="getBookingIds" time="1.629" classname="com.rest.tests.RequestResponseSpecificationTest">
    <failure type="java.lang.AssertionError" message="
Expected: &amp;quot;4&amp;quot;
     but: was &amp;quot;8&amp;quot;">
      <![CDATA[java.lang.AssertionError: 
Expected: "4"
     but: was "8"
at org.hamcrest.MatcherAssert.assertThat(MatcherAssert.java:18)
at org.hamcrest.MatcherAssert.assertThat(MatcherAssert.java:6)
at com.rest.tests.RequestResponseSpecificationTest.getBookingIds(RequestResponseSpecificationTest.java:56)
at java.util.ArrayList.forEach(ArrayList.java:1259)
... Removed 32 stack frames]]>
    </failure>
  </testcase> <!-- getBookingIds -->
  <testcase name="partialUpdateBooking" time="1.579" classname="com.rest.tests.RequestResponseSpecificationTest"/>
  <testcase name="responseTimeUsingResponseOptions" time="1.605" classname="com.rest.tests.ValidateResponseTimeTest"/>
  <testcase name="responseTimeUsingValidatableResponseOptionsMethods" time="1.472" classname="com.rest.tests.ValidateResponseTimeTest">
    <failure type="java.lang.AssertionError" message="1 expectation failed.
Expected response time was not a value less than &amp;lt;1000L&amp;gt; milliseconds, was 1397 milliseconds (1397 milliseconds).">
      <![CDATA[java.lang.AssertionError: 1 expectation failed.
Expected response time was not a value less than <1000L> milliseconds, was 1397 milliseconds (1397 milliseconds).
at org.codehaus.groovy.runtime.callsite.ConstructorSite$ConstructorSiteNoUnwrap.callConstructor(ConstructorSite.java:84)
at org.codehaus.groovy.runtime.callsite.CallSiteArray.defaultCallConstructor(CallSiteArray.java:59)
at org.codehaus.groovy.runtime.callsite.AbstractCallSite.callConstructor(AbstractCallSite.java:263)
at org.codehaus.groovy.runtime.callsite.AbstractCallSite.callConstructor(AbstractCallSite.java:277)
at io.restassured.internal.ResponseSpecificationImpl$HamcrestAssertionClosure.validate(ResponseSpecificationImpl.groovy:493)
at io.restassured.internal.ResponseSpecificationImpl$HamcrestAssertionClosure$validate$1.call(Unknown Source)
at io.restassured.internal.ResponseSpecificationImpl.validateResponseIfRequired(ResponseSpecificationImpl.groovy:674)
at org.codehaus.groovy.runtime.callsite.PlainObjectMetaMethodSite.doInvoke(PlainObjectMetaMethodSite.java:43)
at org.codehaus.groovy.runtime.callsite.PogoMetaMethodSite$PogoCachedMethodSiteNoUnwrapNoCoerce.invoke(PogoMetaMethodSite.java:193)
at org.codehaus.groovy.runtime.callsite.PogoMetaMethodSite.callCurrent(PogoMetaMethodSite.java:61)
at org.codehaus.groovy.runtime.callsite.CallSiteArray.defaultCallCurrent(CallSiteArray.java:51)
at org.codehaus.groovy.runtime.callsite.AbstractCallSite.callCurrent(AbstractCallSite.java:171)
at org.codehaus.groovy.runtime.callsite.AbstractCallSite.callCurrent(AbstractCallSite.java:185)
at io.restassured.internal.ResponseSpecificationImpl.time(ResponseSpecificationImpl.groovy:118)
at io.restassured.internal.ValidatableResponseOptionsImpl.time(ValidatableResponseOptionsImpl.java:409)
at io.restassured.internal.ValidatableResponseImpl.super$2$time(ValidatableResponseImpl.groovy)
at groovy.lang.MetaMethod.doMethodInvoke(MetaMethod.java:323)
at groovy.lang.MetaClassImpl.invokeMethod(MetaClassImpl.java:1268)
at org.codehaus.groovy.runtime.ScriptBytecodeAdapter.invokeMethodOnSuperN(ScriptBytecodeAdapter.java:144)
at io.restassured.internal.ValidatableResponseImpl.time(ValidatableResponseImpl.groovy:58)
at io.restassured.internal.ValidatableResponseImpl.time(ValidatableResponseImpl.groovy)
at io.restassured.internal.ValidatableResponseOptionsImpl.time(ValidatableResponseOptionsImpl.java:405)
at io.restassured.internal.ValidatableResponseImpl.super$2$time(ValidatableResponseImpl.groovy)
at groovy.lang.MetaMethod.doMethodInvoke(MetaMethod.java:323)
at groovy.lang.MetaClassImpl.invokeMethod(MetaClassImpl.java:1268)
at org.codehaus.groovy.runtime.ScriptBytecodeAdapter.invokeMethodOnSuperN(ScriptBytecodeAdapter.java:144)
at io.restassured.internal.ValidatableResponseImpl.time(ValidatableResponseImpl.groovy:52)
at io.restassured.internal.ValidatableResponseImpl.time(ValidatableResponseImpl.groovy)
at com.rest.tests.ValidateResponseTimeTest.responseTimeUsingValidatableResponseOptionsMethods(ValidateResponseTimeTest.java:38)
at java.util.ArrayList.forEach(ArrayList.java:1259)
... Removed 52 stack frames]]>
    </failure>
  </testcase> <!-- responseTimeUsingValidatableResponseOptionsMethods -->
</testsuite> <!-- Surefire test -->
