<!DOCTYPE html PUBLIC "-//W3C//DTD XHTML 1.1//EN" "https://www.w3.org/TR/xhtml11/DTD/xhtml11.dtd">
<html xmlns="https://www.w3.org/1999/xhtml">
<head>
<meta http-equiv="content-type" content="text/html; charset=UTF-8"/>
<title>TestNG Report</title>
<style type="text/css">table {margin-bottom:10px;border-collapse:collapse;empty-cells:show}th,td {border:1px solid #009;padding:.25em .5em}th {vertical-align:bottom}td {vertical-align:top}table a {font-weight:bold}.stripe td {background-color: #E6EBF9}.num {text-align:right}.passedodd td {background-color: #3F3}.passedeven td {background-color: #0A0}.skippedodd td {background-color: #DDD}.skippedeven td {background-color: #CCC}.failedodd td,.attn {background-color: #F33}.failedeven td,.stripe .attn {background-color: #D00}.stacktrace {white-space:pre;font-family:monospace}.totop {font-size:85%;text-align:center;border-bottom:2px solid #000}.invisible {display:none}</style>
</head>
<body>
<table>
<tr><th>Test</th><th># Passed</th><th># Skipped</th><th># Retried</th><th># Failed</th><th>Time (ms)</th><th>Included Groups</th><th>Excluded Groups</th></tr>
<tr><th colspan="8">Surefire suite</th></tr>
<tr><td><a href="#t0">Surefire test</a></td><td class="num">14</td><td class="num">0</td><td class="num">0</td><td class="num attn">3</td><td class="num">34,868</td><td></td><td></td></tr>
</table>
<table id='summary'><thead><tr><th>Class</th><th>Method</th><th>Start</th><th>Time (ms)</th></tr></thead><tbody><tr><th colspan="4">Surefire suite</th></tr></tbody><tbody id="t0"><tr><th colspan="4">Surefire test &#8212; failed</th></tr><tr class="failedeven"><td rowspan="1">com.rest.tests.AutomateBookingAPITest</td><td><a href="#m0">getBookingIds</a></td><td rowspan="1">1627203388969</td><td rowspan="1">1729</td></tr><tr class="failedodd"><td rowspan="1">com.rest.tests.RequestResponseSpecificationTest</td><td><a href="#m1">getBookingIds</a></td><td rowspan="1">1627203406559</td><td rowspan="1">1629</td></tr><tr class="failedeven"><td rowspan="1">com.rest.tests.ValidateResponseTimeTest</td><td><a href="#m2">responseTimeUsingValidatableResponseOptionsMethods</a></td><td rowspan="1">1627203411386</td><td rowspan="1">1472</td></tr><tr><th colspan="4">Surefire test &#8212; passed</th></tr><tr class="passedeven"><td rowspan="6">com.rest.tests.AutomateBookingAPITest</td><td><a href="#m3">authToken</a></td><td rowspan="1">1627203378049</td><td rowspan="1">6817</td></tr><tr class="passedeven"><td><a href="#m4">createBooking</a></td><td rowspan="1">1627203385167</td><td rowspan="1">2001</td></tr><tr class="passedeven"><td><a href="#m5">deleteBooking</a></td><td rowspan="1">1627203387178</td><td rowspan="1">1788</td></tr><tr class="passedeven"><td><a href="#m6">partialUpdateBooking</a></td><td rowspan="1">1627203390717</td><td rowspan="1">1612</td></tr><tr class="passedeven"><td><a href="#m7">updateBooking</a></td><td rowspan="1">1627203392349</td><td rowspan="1">1585</td></tr><tr class="passedeven"><td><a href="#m8">validateStatusCode</a></td><td rowspan="1">1627203393948</td><td rowspan="1">1587</td></tr><tr class="passedodd"><td rowspan="5">com.rest.tests.RequestResponseBuilderTest</td><td><a href="#m9">authToken</a></td><td rowspan="1">1627203395557</td><td rowspan="1">1670</td></tr><tr class="passedodd"><td><a href="#m10">getBookingIds</a></td><td rowspan="1">1627203397232</td><td rowspan="1">1595</td></tr><tr class="passedodd"><td><a href="#m11">sendJSONObjectAsMap</a></td><td rowspan="1">1627203398827</td><td rowspan="1">1913</td></tr><tr class="passedodd"><td><a href="#m12">sendPayloadAsFile</a></td><td rowspan="1">1627203400749</td><td rowspan="1">1628</td></tr><tr class="passedodd"><td><a href="#m13">validateJsonSchema</a></td><td rowspan="1">1627203402378</td><td rowspan="1">2550</td></tr><tr class="passedeven"><td rowspan="2">com.rest.tests.RequestResponseSpecificationTest</td><td><a href="#m14">authToken</a></td><td rowspan="1">1627203404936</td><td rowspan="1">1621</td></tr><tr class="passedeven"><td><a href="#m15">partialUpdateBooking</a></td><td rowspan="1">1627203408188</td><td rowspan="1">1579</td></tr><tr class="passedodd"><td rowspan="1">com.rest.tests.ValidateResponseTimeTest</td><td><a href="#m16">responseTimeUsingResponseOptions</a></td><td rowspan="1">1627203409772</td><td rowspan="1">1605</td></tr></tbody>
</table>
<h2>Surefire test</h2><h3 id="m0">com.rest.tests.AutomateBookingAPITest#getBookingIds</h3><table class="result"><tr><th>Exception</th></tr><tr><td><div class="stacktrace">java.lang.AssertionError: 
Expected: &lt;14&gt;
     but: was &lt;8&gt;
	at org.hamcrest.MatcherAssert.assertThat(MatcherAssert.java:18)
	at org.hamcrest.MatcherAssert.assertThat(MatcherAssert.java:6)
	at com.rest.tests.AutomateBookingAPITest.getBookingIds(AutomateBookingAPITest.java:48)
	at java.util.ArrayList.forEach(ArrayList.java:1259)
... Removed 32 stack frames</div></td></tr></table><p class="totop"><a href="#summary">back to summary</a></p>
<h3 id="m1">com.rest.tests.RequestResponseSpecificationTest#getBookingIds</h3><table class="result"><tr><th>Exception</th></tr><tr><td><div class="stacktrace">java.lang.AssertionError: 
Expected: &quot;4&quot;
     but: was &quot;8&quot;
	at org.hamcrest.MatcherAssert.assertThat(MatcherAssert.java:18)
	at org.hamcrest.MatcherAssert.assertThat(MatcherAssert.java:6)
	at com.rest.tests.RequestResponseSpecificationTest.getBookingIds(RequestResponseSpecificationTest.java:56)
	at java.util.ArrayList.forEach(ArrayList.java:1259)
... Removed 32 stack frames</div></td></tr></table><p class="totop"><a href="#summary">back to summary</a></p>
<h3 id="m2">com.rest.tests.ValidateResponseTimeTest#responseTimeUsingValidatableResponseOptionsMethods</h3><table class="result"><tr><th>Exception</th></tr><tr><td><div class="stacktrace">java.lang.AssertionError: 1 expectation failed.
Expected response time was not a value less than &lt;1000L&gt; milliseconds, was 1397 milliseconds (1397 milliseconds).
	at org.codehaus.groovy.runtime.callsite.ConstructorSite$ConstructorSiteNoUnwrap.callConstructor(ConstructorSite.java:84)
	at org.codehaus.groovy.runtime.callsite.CallSiteArray.defaultCallConstructor(CallSiteArray.java:59)
	at org.codehaus.groovy.runtime.callsite.AbstractCallSite.callConstructor(AbstractCallSite.java:263)
	at org.codehaus.groovy.runtime.callsite.AbstractCallSite.callConstructor(AbstractCallSite.java:277)
	at io.restassured.internal.ResponseSpecificationImpl$HamcrestAssertionClosure.validate(ResponseSpecificationImpl.groovy:493)
	at io.restassured.internal.ResponseSpecificationImpl$HamcrestAssertionClosure$validate$1.call(Unknown Source)
	at io.restassured.internal.ResponseSpecificationImpl.validateResponseIfRequired(ResponseSpecificationImpl.groovy:674)
	at org.codehaus.groovy.runtime.callsite.PlainObjectMetaMethodSite.doInvoke(PlainObjectMetaMethodSite.java:43)
	at org.codehaus.groovy.runtime.callsite.PogoMetaMethodSite$PogoCachedMethodSiteNoUnwrapNoCoerce.invoke(PogoMetaMethodSite.java:193)
	at org.codehaus.groovy.runtime.callsite.PogoMetaMethodSite.callCurrent(PogoMetaMethodSite.java:61)
	at org.codehaus.groovy.runtime.callsite.CallSiteArray.defaultCallCurrent(CallSiteArray.java:51)
	at org.codehaus.groovy.runtime.callsite.AbstractCallSite.callCurrent(AbstractCallSite.java:171)
	at org.codehaus.groovy.runtime.callsite.AbstractCallSite.callCurrent(AbstractCallSite.java:185)
	at io.restassured.internal.ResponseSpecificationImpl.time(ResponseSpecificationImpl.groovy:118)
	at io.restassured.internal.ValidatableResponseOptionsImpl.time(ValidatableResponseOptionsImpl.java:409)
	at io.restassured.internal.ValidatableResponseImpl.super$2$time(ValidatableResponseImpl.groovy)
	at groovy.lang.MetaMethod.doMethodInvoke(MetaMethod.java:323)
	at groovy.lang.MetaClassImpl.invokeMethod(MetaClassImpl.java:1268)
	at org.codehaus.groovy.runtime.ScriptBytecodeAdapter.invokeMethodOnSuperN(ScriptBytecodeAdapter.java:144)
	at io.restassured.internal.ValidatableResponseImpl.time(ValidatableResponseImpl.groovy:58)
	at io.restassured.internal.ValidatableResponseImpl.time(ValidatableResponseImpl.groovy)
	at io.restassured.internal.ValidatableResponseOptionsImpl.time(ValidatableResponseOptionsImpl.java:405)
	at io.restassured.internal.ValidatableResponseImpl.super$2$time(ValidatableResponseImpl.groovy)
	at groovy.lang.MetaMethod.doMethodInvoke(MetaMethod.java:323)
	at groovy.lang.MetaClassImpl.invokeMethod(MetaClassImpl.java:1268)
	at org.codehaus.groovy.runtime.ScriptBytecodeAdapter.invokeMethodOnSuperN(ScriptBytecodeAdapter.java:144)
	at io.restassured.internal.ValidatableResponseImpl.time(ValidatableResponseImpl.groovy:52)
	at io.restassured.internal.ValidatableResponseImpl.time(ValidatableResponseImpl.groovy)
	at com.rest.tests.ValidateResponseTimeTest.responseTimeUsingValidatableResponseOptionsMethods(ValidateResponseTimeTest.java:38)
	at java.util.ArrayList.forEach(ArrayList.java:1259)
... Removed 52 stack frames</div></td></tr></table><p class="totop"><a href="#summary">back to summary</a></p>
<h3 id="m3">com.rest.tests.AutomateBookingAPITest#authToken</h3><table class="result"><tr><th class="invisible"/></tr></table><p class="totop"><a href="#summary">back to summary</a></p>
<h3 id="m4">com.rest.tests.AutomateBookingAPITest#createBooking</h3><table class="result"><tr><th class="invisible"/></tr></table><p class="totop"><a href="#summary">back to summary</a></p>
<h3 id="m5">com.rest.tests.AutomateBookingAPITest#deleteBooking</h3><table class="result"><tr><th class="invisible"/></tr></table><p class="totop"><a href="#summary">back to summary</a></p>
<h3 id="m6">com.rest.tests.AutomateBookingAPITest#partialUpdateBooking</h3><table class="result"><tr><th class="invisible"/></tr></table><p class="totop"><a href="#summary">back to summary</a></p>
<h3 id="m7">com.rest.tests.AutomateBookingAPITest#updateBooking</h3><table class="result"><tr><th class="invisible"/></tr></table><p class="totop"><a href="#summary">back to summary</a></p>
<h3 id="m8">com.rest.tests.AutomateBookingAPITest#validateStatusCode</h3><table class="result"><tr><th class="invisible"/></tr></table><p class="totop"><a href="#summary">back to summary</a></p>
<h3 id="m9">com.rest.tests.RequestResponseBuilderTest#authToken</h3><table class="result"><tr><th class="invisible"/></tr></table><p class="totop"><a href="#summary">back to summary</a></p>
<h3 id="m10">com.rest.tests.RequestResponseBuilderTest#getBookingIds</h3><table class="result"><tr><th class="invisible"/></tr></table><p class="totop"><a href="#summary">back to summary</a></p>
<h3 id="m11">com.rest.tests.RequestResponseBuilderTest#sendJSONObjectAsMap</h3><table class="result"><tr><th class="invisible"/></tr></table><p class="totop"><a href="#summary">back to summary</a></p>
<h3 id="m12">com.rest.tests.RequestResponseBuilderTest#sendPayloadAsFile</h3><table class="result"><tr><th class="invisible"/></tr></table><p class="totop"><a href="#summary">back to summary</a></p>
<h3 id="m13">com.rest.tests.RequestResponseBuilderTest#validateJsonSchema</h3><table class="result"><tr><th class="invisible"/></tr></table><p class="totop"><a href="#summary">back to summary</a></p>
<h3 id="m14">com.rest.tests.RequestResponseSpecificationTest#authToken</h3><table class="result"><tr><th class="invisible"/></tr></table><p class="totop"><a href="#summary">back to summary</a></p>
<h3 id="m15">com.rest.tests.RequestResponseSpecificationTest#partialUpdateBooking</h3><table class="result"><tr><th class="invisible"/></tr></table><p class="totop"><a href="#summary">back to summary</a></p>
<h3 id="m16">com.rest.tests.ValidateResponseTimeTest#responseTimeUsingResponseOptions</h3><table class="result"><tr><th class="invisible"/></tr></table><p class="totop"><a href="#summary">back to summary</a></p>
</body>
</html>
